<?xml version="1.0" encoding="UTF-8"?>
<testsuite xmlns:xsi="http://www.w3.org/2001/XMLSchema-instance" xsi:noNamespaceSchemaLocation="https://maven.apache.org/surefire/maven-surefire-plugin/xsd/surefire-test-report-3.0.xsd" version="3.0" name="com.example.demo.DemoApplicationTests" time="8.448" tests="1" errors="0" skipped="0" failures="0">
  <properties>
[...]
</properties>
  <testcase name="contextLoads" classname="com.example.demo.DemoApplicationTests" time="1.714">
    <system-out><![CDATA[02:05:39.712 [main] INFO org.springframework.test.context.support.AnnotationConfigContextLoaderUtils -- Could not detect default configuration classes for test class [com.example.demo.DemoApplicationTests]: DemoApplicationTests does not declare any static, non-private, non-final, nested classes annotated with @Configuration.
02:05:39.947 [main] INFO org.springframework.boot.test.context.SpringBootTestContextBootstrapper -- Found @SpringBootConfiguration com.example.demo.DemoApplication for test class com.example.demo.DemoApplicationTests
02:05:40.299 [main] INFO org.springframework.boot.devtools.restart.RestartApplicationListener -- Restart disabled due to context in which it is running

  .   ____          _            __ _ _
 /\\ / ___'_ __ _ _(_)_ __  __ _ \ \ \ \
( ( )\___ | '_ | '_| | '_ \/ _` | \ \ \ \
 \\/  ___)| |_)| | | | | || (_| |  ) ) ) )
  '  |____| .__|_| |_|_| |_\__, | / / / /
 =========|_|==============|___/=/_/_/_/
 :: Spring Boot ::                (v3.2.3)

2024-03-29T02:05:40.900Z  INFO 11079 --- [demo] [           main] com.example.demo.DemoApplicationTests    : Starting DemoApplicationTests using Java 17.0.10 with PID 11079 (started by ec2-user in /home/ec2-user/environment/spring-boot-pipeline-eks/spring-boot-sample-cluster-app)
2024-03-29T02:05:40.902Z  INFO 11079 --- [demo] [           main] com.example.demo.DemoApplicationTests    : No active profile set, falling back to 1 default profile: "default"
2024-03-29T02:05:44.602Z  WARN 11079 --- [demo] [           main] s.w.s.m.m.a.RequestMappingHandlerMapping : Multiple @RequestMapping annotations found on public com.example.demo.ui.model.response.UserRest com.example.demo.ui.controller.UserController.updateUser(java.lang.String,com.example.demo.ui.model.request.UpdateUserDetailsRequestModel), but only the first will be used: [@org.springframework.web.bind.annotation.PostMapping(consumes={"application/xml", "application/json"}, headers={}, name="", params={}, path={"/{userId}"}, produces={"application/xml", "application/json"}, value={"/{userId}"}), @org.springframework.web.bind.annotation.PutMapping(consumes={}, headers={}, name="", params={}, path={}, produces={}, value={})]
2024-03-29T02:05:45.783Z  INFO 11079 --- [demo] [           main] o.s.b.a.e.web.EndpointLinksResolver      : Exposing 13 endpoint(s) beneath base path '/actuator'
2024-03-29T02:05:45.942Z  INFO 11079 --- [demo] [           main] com.example.demo.DemoApplicationTests    : Started DemoApplicationTests in 5.668 seconds (process running for 7.95)
]]></system-out>
  </testcase>
</testsuite>